c:\users\arser\source\repos\proyecto-uno\uno\x64\debug\uno.pch
c:\users\arser\source\repos\proyecto-uno\uno\x64\debug\vc141.pdb
c:\users\arser\source\repos\proyecto-uno\uno\x64\debug\vc141.idb
c:\users\arser\source\repos\proyecto-uno\uno\x64\debug\stdafx.obj
c:\users\arser\source\repos\proyecto-uno\uno\x64\debug\carta.obj
c:\users\arser\source\repos\proyecto-uno\uno\x64\debug\uno.obj
c:\users\arser\source\repos\proyecto-uno\uno\x64\debug\numero.obj
c:\users\arser\source\repos\proyecto-uno\uno\x64\debug\uno.res
c:\users\arser\source\repos\proyecto-uno\x64\debug\uno.pdb
c:\users\arser\source\repos\proyecto-uno\uno\x64\debug\uno.tlog\cl.command.1.tlog
c:\users\arser\source\repos\proyecto-uno\uno\x64\debug\uno.tlog\cl.read.1.tlog
c:\users\arser\source\repos\proyecto-uno\uno\x64\debug\uno.tlog\cl.write.1.tlog
c:\users\arser\source\repos\proyecto-uno\uno\x64\debug\uno.tlog\link-cvtres.read.1.tlog
c:\users\arser\source\repos\proyecto-uno\uno\x64\debug\uno.tlog\link-cvtres.write.1.tlog
c:\users\arser\source\repos\proyecto-uno\uno\x64\debug\uno.tlog\link-rc.read.1.tlog
c:\users\arser\source\repos\proyecto-uno\uno\x64\debug\uno.tlog\link-rc.write.1.tlog
c:\users\arser\source\repos\proyecto-uno\uno\x64\debug\uno.tlog\link.command.1.tlog
c:\users\arser\source\repos\proyecto-uno\uno\x64\debug\uno.tlog\link.read.1.tlog
c:\users\arser\source\repos\proyecto-uno\uno\x64\debug\uno.tlog\link.write.1.tlog
c:\users\arser\source\repos\proyecto-uno\uno\x64\debug\uno.tlog\rc.command.1.tlog
c:\users\arser\source\repos\proyecto-uno\uno\x64\debug\uno.tlog\rc.read.1.tlog
c:\users\arser\source\repos\proyecto-uno\uno\x64\debug\uno.tlog\rc.write.1.tlog
